<?xml version="1.0" encoding="utf-8"?><testsuites name="pytest tests"><testsuite name="pytest" errors="0" failures="0" skipped="0" tests="20" time="27.092" timestamp="2026-05-13T03:53:00.543347+00:00" hostname="agent-env-cffe389f-8621-4efb-b7e5-c67acc2c4e0f"><testcase classname="backend.tests.test_cortexflow.TestAuth" name="test_register_returns_token" time="0.395" /><testcase classname="backend.tests.test_cortexflow.TestAuth" name="test_register_duplicate_400" time="0.323" /><testcase classname="backend.tests.test_cortexflow.TestAuth" name="test_login_success" time="0.273" /><testcase classname="backend.tests.test_cortexflow.TestAuth" name="test_login_bad_creds_401" time="0.267" /><testcase classname="backend.tests.test_cortexflow.TestAuth" name="test_me_with_token" time="0.048" /><testcase classname="backend.tests.test_cortexflow.TestAuth" name="test_me_without_token_401" time="0.050" /><testcase classname="backend.tests.test_cortexflow.TestAuth" name="test_projects_without_token_401" time="0.047" /><testcase classname="backend.tests.test_cortexflow.TestProjects" name="test_create_list_get_update_delete" time="0.310" /><testcase classname="backend.tests.test_cortexflow.TestProjects" name="test_get_other_user_project_403" time="0.454" /><testcase classname="backend.tests.test_cortexflow.TestNodesEdges" name="test_create_node" time="0.100" /><testcase classname="backend.tests.test_cortexflow.TestNodesEdges" name="test_list_nodes" time="0.047" /><testcase classname="backend.tests.test_cortexflow.TestNodesEdges" name="test_update_node" time="0.050" /><testcase classname="backend.tests.test_cortexflow.TestNodesEdges" name="test_create_and_list_edge" time="0.145" /><testcase classname="backend.tests.test_cortexflow.TestNodesEdges" name="test_delete_edge" time="0.049" /><testcase classname="backend.tests.test_cortexflow.TestNodesEdges" name="test_delete_node" time="0.096" /><testcase classname="backend.tests.test_cortexflow.TestRepo" name="test_connect_and_scan_public_repo" time="0.597" /><testcase classname="backend.tests.test_cortexflow.TestAI" name="test_ai_expand_acceptance_criteria" time="11.374" /><testcase classname="backend.tests.test_cortexflow.TestAI" name="test_ai_generate_prompt" time="12.110" /><testcase classname="backend.tests.test_cortexflow.TestExport" name="test_export_formats" time="0.288" /><testcase classname="backend.tests.test_cortexflow" name="test_node_types_endpoint" time="0.045" /></testsuite></testsuites>