<?xml version="1.0" encoding="utf-8"?><testsuites name="pytest tests"><testsuite name="pytest" errors="0" failures="0" skipped="0" tests="20" time="37.213" timestamp="2026-05-13T03:46:06.857847+00:00" hostname="agent-env-cffe389f-8621-4efb-b7e5-c67acc2c4e0f"><testcase classname="backend.tests.test_cortexflow.TestAuth" name="test_register_returns_token" time="1.125" /><testcase classname="backend.tests.test_cortexflow.TestAuth" name="test_register_duplicate_400" time="0.322" /><testcase classname="backend.tests.test_cortexflow.TestAuth" name="test_login_success" time="0.269" /><testcase classname="backend.tests.test_cortexflow.TestAuth" name="test_login_bad_creds_401" time="0.279" /><testcase classname="backend.tests.test_cortexflow.TestAuth" name="test_me_with_token" time="0.049" /><testcase classname="backend.tests.test_cortexflow.TestAuth" name="test_me_without_token_401" time="0.046" /><testcase classname="backend.tests.test_cortexflow.TestAuth" name="test_projects_without_token_401" time="0.046" /><testcase classname="backend.tests.test_cortexflow.TestProjects" name="test_create_list_get_update_delete" time="0.340" /><testcase classname="backend.tests.test_cortexflow.TestProjects" name="test_get_other_user_project_403" time="0.407" /><testcase classname="backend.tests.test_cortexflow.TestNodesEdges" name="test_create_node" time="0.096" /><testcase classname="backend.tests.test_cortexflow.TestNodesEdges" name="test_list_nodes" time="0.048" /><testcase classname="backend.tests.test_cortexflow.TestNodesEdges" name="test_update_node" time="0.053" /><testcase classname="backend.tests.test_cortexflow.TestNodesEdges" name="test_create_and_list_edge" time="0.167" /><testcase classname="backend.tests.test_cortexflow.TestNodesEdges" name="test_delete_edge" time="0.046" /><testcase classname="backend.tests.test_cortexflow.TestNodesEdges" name="test_delete_node" time="0.104" /><testcase classname="backend.tests.test_cortexflow.TestRepo" name="test_connect_and_scan_public_repo" time="0.622" /><testcase classname="backend.tests.test_cortexflow.TestAI" name="test_ai_expand_acceptance_criteria" time="21.535" /><testcase classname="backend.tests.test_cortexflow.TestAI" name="test_ai_generate_prompt" time="11.221" /><testcase classname="backend.tests.test_cortexflow.TestExport" name="test_export_formats" time="0.342" /><testcase classname="backend.tests.test_cortexflow" name="test_node_types_endpoint" time="0.051" /></testsuite></testsuites>